<?xml version="1.0" encoding="UTF-8"?>
<testng-results ignored="1" total="2" passed="1" failed="0" skipped="0">
  <reporter-output>
  </reporter-output>
  <suite started-at="2025-09-18T16:58:04 IST" name="Default suite" finished-at="2025-09-18T16:58:05 IST" duration-ms="894">
    <groups>
    </groups>
    <test started-at="2025-09-18T16:58:04 IST" name="Default test" finished-at="2025-09-18T16:58:05 IST" duration-ms="894">
      <class name="tests.Assignment1">
        <test-method is-config="true" signature="lauchSite()[pri:0, instance:tests.Assignment1@2d901eb0]" started-at="2025-09-18T16:58:01 IST" name="lauchSite" description="This Method will Lauch Site Under test" finished-at="2025-09-18T16:58:04 IST" duration-ms="2900" status="PASS">
          <reporter-output>
          </reporter-output>
        </test-method> <!-- lauchSite -->
        <test-method signature="verifyIMSLogin()[pri:2, instance:tests.Assignment1@2d901eb0]" started-at="2025-09-18T16:58:04 IST" name="verifyIMSLogin" finished-at="2025-09-18T16:58:05 IST" duration-ms="828" status="PASS">
          <reporter-output>
          </reporter-output>
        </test-method> <!-- verifyIMSLogin -->
        <test-method is-config="true" signature="closeDriver()[pri:0, instance:tests.Assignment1@2d901eb0]" started-at="2025-09-18T16:58:05 IST" name="closeDriver" finished-at="2025-09-18T16:58:05 IST" duration-ms="239" status="PASS">
          <reporter-output>
          </reporter-output>
        </test-method> <!-- closeDriver -->
      </class> <!-- tests.Assignment1 -->
    </test> <!-- Default test -->
  </suite> <!-- Default suite -->
</testng-results>
